[00:23:27] [ServerMain/INFO]: [bootstrap] Running Java 21 (OpenJDK 64-Bit Server VM 21.0.7; Homebrew Homebrew) on Mac OS X 14.4.1 (aarch64)
[00:23:27] [ServerMain/INFO]: [bootstrap] Loading Paper 1.21.6-10-main@5613ed6 (2025-06-18T10:13:55Z) for Minecraft 1.21.6
[00:23:27] [ServerMain/INFO]: [PluginInitializerManager] Initializing plugins...
[00:23:28] [ServerMain/INFO]: [PluginInitializerManager] Initialized 1 plugin
[00:23:28] [ServerMain/INFO]: [PluginInitializerManager] Bukkit plugins (1):
 - mcMMO (1.6.5)
[00:23:34] [ServerMain/INFO]: Environment: Environment[sessionHost=https://sessionserver.mojang.com, servicesHost=https://api.minecraftservices.com, name=PROD]
[00:23:36] [ServerMain/INFO]: Loaded 1407 recipes
[00:23:36] [ServerMain/INFO]: Loaded 1520 advancements
[00:23:36] [ServerMain/INFO]: [ca.spottedleaf.dataconverter.minecraft.datatypes.MCTypeRegistry] Initialising converters for DataConverter...
[00:23:37] [ServerMain/INFO]: [ca.spottedleaf.dataconverter.minecraft.datatypes.MCTypeRegistry] Finished initialising converters for DataConverter in 575.8ms
[00:23:37] [Server thread/INFO]: Starting minecraft server version 1.21.6
[00:23:37] [Server thread/INFO]: Loading properties
[00:23:37] [Server thread/INFO]: This server is running Paper version 1.21.6-10-main@5613ed6 (2025-06-18T10:13:55Z) (Implementing API version 1.21.6-R0.1-SNAPSHOT)
[00:23:37] [Server thread/INFO]: [spark] This server bundles the spark profiler. For more information please visit https://docs.papermc.io/paper/profiling
[00:23:37] [Server thread/INFO]: Server Ping Player Sample Count: 12
[00:23:37] [Server thread/INFO]: Using 4 threads for Netty based IO
[00:23:38] [Server thread/INFO]: [MoonriseCommon] Paper is using 2 worker threads, 1 I/O threads
[00:23:38] [Server thread/INFO]: [ChunkTaskScheduler] Chunk system is using population gen parallelism: true
[00:23:38] [Server thread/INFO]: Default game type: SURVIVAL
[00:23:38] [Server thread/INFO]: Generating keypair
[00:23:38] [Server thread/INFO]: Starting Minecraft server on *:25565
[00:23:38] [Server thread/INFO]: Using default channel type
[00:23:38] [Server thread/INFO]: Paper: Using libdeflate (macOS ARM64 / Apple Silicon) compression from Velocity.
[00:23:38] [Server thread/INFO]: Paper: Using native (macOS ARM64 / Apple Silicon) cipher from Velocity.
[00:23:38] [Server thread/INFO]: [mcMMO] Loading server plugin mcMMO v1.6.5
[00:23:38] [Server thread/INFO]: Server permissions file permissions.yml is empty, ignoring it
[00:23:38] [Server thread/INFO]: [mcMMO] Enabling mcMMO v1.6.5
[00:23:39] [Server thread/WARN]: [mcMMO] Failed to load Alchemy potion: POTION_OF_EMPTY
[00:23:39] [Server thread/WARN]: [mcMMO] Failed to load Alchemy potion: POTION_OF_WATER_UNCRAFTABLE
[00:23:39] [Server thread/WARN]: [mcMMO] Failed to load Alchemy potion: POTION_OF_ABSORPTION
[00:23:39] [Server thread/WARN]: [mcMMO] Failed to load Alchemy potion: POTION_OF_BLINDNESS
[00:23:39] [Server thread/WARN]: [mcMMO] Failed to load Alchemy potion: POTION_OF_DECAY
[00:23:39] [Server thread/WARN]: [mcMMO] Failed to load Alchemy potion: POTION_OF_DULLNESS
[00:23:39] [Server thread/WARN]: [mcMMO] Failed to load Alchemy potion: POTION_OF_HASTE
[00:23:39] [Server thread/WARN]: [mcMMO] Failed to load Alchemy potion: POTION_OF_HEALTH_BOOST
[00:23:39] [Server thread/WARN]: [mcMMO] Failed to load Alchemy potion: POTION_OF_HUNGER
[00:23:39] [Server thread/WARN]: [mcMMO] Failed to load Alchemy potion: POTION_OF_NAUSEA
[00:23:39] [Server thread/WARN]: [mcMMO] Failed to load Alchemy potion: POTION_OF_RESISTANCE
[00:23:39] [Server thread/WARN]: [mcMMO] Failed to load Alchemy potion: POTION_OF_SATURATION
[00:23:39] [Server thread/WARN]: [mcMMO] Failed to load Alchemy potion: POTION_OF_ABSORPTION_EXTENDED
[00:23:39] [Server thread/WARN]: [mcMMO] Failed to load Alchemy potion: POTION_OF_BLINDNESS_EXTENDED
[00:23:39] [Server thread/WARN]: [mcMMO] Failed to load Alchemy potion: POTION_OF_DECAY_EXTENDED
[00:23:39] [Server thread/WARN]: [mcMMO] Failed to load Alchemy potion: POTION_OF_DULLNESS_EXTENDED
[00:23:39] [Server thread/WARN]: [mcMMO] Failed to load Alchemy potion: POTION_OF_HASTE_EXTENDED
[00:23:39] [Server thread/WARN]: [mcMMO] Failed to load Alchemy potion: POTION_OF_HEALTH_BOOST_EXTENDED
[00:23:39] [Server thread/WARN]: [mcMMO] Failed to load Alchemy potion: POTION_OF_HUNGER_EXTENDED
[00:23:39] [Server thread/WARN]: [mcMMO] Failed to load Alchemy potion: POTION_OF_NAUSEA_EXTENDED
[00:23:39] [Server thread/WARN]: [mcMMO] Failed to load Alchemy potion: POTION_OF_RESISTANCE_EXTENDED
[00:23:39] [Server thread/WARN]: [mcMMO] Failed to load Alchemy potion: POTION_OF_SATURATION_EXTENDED
[00:23:39] [Server thread/WARN]: [mcMMO] Failed to load Alchemy potion: POTION_OF_ABSORPTION_II
[00:23:39] [Server thread/WARN]: [mcMMO] Failed to load Alchemy potion: POTION_OF_BLINDNESS_II
[00:23:39] [Server thread/WARN]: [mcMMO] Failed to load Alchemy potion: POTION_OF_DECAY_II
[00:23:39] [Server thread/WARN]: [mcMMO] Failed to load Alchemy potion: POTION_OF_DULLNESS_II
[00:23:39] [Server thread/WARN]: [mcMMO] Failed to load Alchemy potion: POTION_OF_HASTE_II
[00:23:39] [Server thread/WARN]: [mcMMO] Failed to load Alchemy potion: POTION_OF_HEALTH_BOOST_II
[00:23:39] [Server thread/WARN]: [mcMMO] Failed to load Alchemy potion: POTION_OF_HUNGER_II
[00:23:39] [Server thread/WARN]: [mcMMO] Failed to load Alchemy potion: POTION_OF_NAUSEA_II
[00:23:39] [Server thread/WARN]: [mcMMO] Failed to load Alchemy potion: POTION_OF_RESISTANCE_II
[00:23:39] [Server thread/WARN]: [mcMMO] Failed to load Alchemy potion: POTION_OF_SATURATION_II
[00:23:39] [Server thread/WARN]: [mcMMO] Failed to load Alchemy potion: SPLASH_POTION_OF_EMPTY
[00:23:39] [Server thread/WARN]: [mcMMO] Failed to load Alchemy potion: SPLASH_POTION_OF_ABSORPTION
[00:23:39] [Server thread/WARN]: [mcMMO] Failed to load Alchemy potion: SPLASH_POTION_OF_BLINDNESS
[00:23:39] [Server thread/WARN]: [mcMMO] Failed to load Alchemy potion: SPLASH_POTION_OF_DECAY
[00:23:39] [Server thread/WARN]: [mcMMO] Failed to load Alchemy potion: SPLASH_POTION_OF_DULLNESS
[00:23:39] [Server thread/WARN]: [mcMMO] Failed to load Alchemy potion: SPLASH_POTION_OF_HASTE
[00:23:39] [Server thread/WARN]: [mcMMO] Failed to load Alchemy potion: SPLASH_POTION_OF_HEALTH_BOOST
[00:23:39] [Server thread/WARN]: [mcMMO] Failed to load Alchemy potion: SPLASH_POTION_OF_HUNGER
[00:23:39] [Server thread/WARN]: [mcMMO] Failed to load Alchemy potion: SPLASH_POTION_OF_NAUSEA
[00:23:39] [Server thread/WARN]: [mcMMO] Failed to load Alchemy potion: SPLASH_POTION_OF_RESISTANCE
[00:23:39] [Server thread/WARN]: [mcMMO] Failed to load Alchemy potion: SPLASH_POTION_OF_SATURATION
[00:23:39] [Server thread/WARN]: [mcMMO] Failed to load Alchemy potion: SPLASH_POTION_OF_ABSORPTION_EXTENDED
[00:23:39] [Server thread/WARN]: [mcMMO] Failed to load Alchemy potion: SPLASH_POTION_OF_BLINDNESS_EXTENDED
[00:23:39] [Server thread/WARN]: [mcMMO] Failed to load Alchemy potion: SPLASH_POTION_OF_DECAY_EXTENDED
[00:23:39] [Server thread/WARN]: [mcMMO] Failed to load Alchemy potion: SPLASH_POTION_OF_DULLNESS_EXTENDED
[00:23:39] [Server thread/WARN]: [mcMMO] Failed to load Alchemy potion: SPLASH_POTION_OF_HASTE_EXTENDED
[00:23:39] [Server thread/WARN]: [mcMMO] Failed to load Alchemy potion: SPLASH_POTION_OF_HEALTH_BOOST_EXTENDED
[00:23:39] [Server thread/WARN]: [mcMMO] Failed to load Alchemy potion: SPLASH_POTION_OF_HUNGER_EXTENDED
[00:23:39] [Server thread/WARN]: [mcMMO] Failed to load Alchemy potion: SPLASH_POTION_OF_NAUSEA_EXTENDED
[00:23:39] [Server thread/WARN]: [mcMMO] Failed to load Alchemy potion: SPLASH_POTION_OF_RESISTANCE_EXTENDED
[00:23:39] [Server thread/WARN]: [mcMMO] Failed to load Alchemy potion: SPLASH_POTION_OF_SATURATION_EXTENDED
[00:23:39] [Server thread/WARN]: [mcMMO] Failed to load Alchemy potion: SPLASH_POTION_OF_ABSORPTION_II
[00:23:39] [Server thread/WARN]: [mcMMO] Failed to load Alchemy potion: SPLASH_POTION_OF_BLINDNESS_II
[00:23:39] [Server thread/WARN]: [mcMMO] Failed to load Alchemy potion: SPLASH_POTION_OF_DECAY_II
[00:23:39] [Server thread/WARN]: [mcMMO] Failed to load Alchemy potion: SPLASH_POTION_OF_DULLNESS_II
[00:23:39] [Server thread/WARN]: [mcMMO] Failed to load Alchemy potion: SPLASH_POTION_OF_HASTE_II
[00:23:39] [Server thread/WARN]: [mcMMO] Failed to load Alchemy potion: SPLASH_POTION_OF_HEALTH_BOOST_II
[00:23:39] [Server thread/WARN]: [mcMMO] Failed to load Alchemy potion: SPLASH_POTION_OF_HUNGER_II
[00:23:39] [Server thread/WARN]: [mcMMO] Failed to load Alchemy potion: SPLASH_POTION_OF_NAUSEA_II
[00:23:39] [Server thread/WARN]: [mcMMO] Failed to load Alchemy potion: SPLASH_POTION_OF_RESISTANCE_II
[00:23:39] [Server thread/WARN]: [mcMMO] Failed to load Alchemy potion: SPLASH_POTION_OF_SATURATION_II
[00:23:39] [Server thread/WARN]: [mcMMO] Failed to load Alchemy potion: LINGERING_POTION_OF_EMPTY
[00:23:39] [Server thread/WARN]: [mcMMO] Failed to load Alchemy potion: LINGERING_POTION_OF_ABSORPTION
[00:23:39] [Server thread/WARN]: [mcMMO] Failed to load Alchemy potion: LINGERING_POTION_OF_BLINDNESS
[00:23:39] [Server thread/WARN]: [mcMMO] Failed to load Alchemy potion: LINGERING_POTION_OF_DECAY
[00:23:39] [Server thread/WARN]: [mcMMO] Failed to load Alchemy potion: LINGERING_POTION_OF_DULLNESS
[00:23:39] [Server thread/WARN]: [mcMMO] Failed to load Alchemy potion: LINGERING_POTION_OF_HASTE
[00:23:39] [Server thread/WARN]: [mcMMO] Failed to load Alchemy potion: LINGERING_POTION_OF_HEALTH_BOOST
[00:23:39] [Server thread/WARN]: [mcMMO] Failed to load Alchemy potion: LINGERING_POTION_OF_HUNGER
[00:23:39] [Server thread/WARN]: [mcMMO] Failed to load Alchemy potion: LINGERING_POTION_OF_NAUSEA
[00:23:39] [Server thread/WARN]: [mcMMO] Failed to load Alchemy potion: LINGERING_POTION_OF_RESISTANCE
[00:23:39] [Server thread/WARN]: [mcMMO] Failed to load Alchemy potion: LINGERING_POTION_OF_SATURATION
[00:23:39] [Server thread/WARN]: [mcMMO] Failed to load Alchemy potion: LINGERING_POTION_OF_ABSORPTION_EXTENDED
[00:23:39] [Server thread/WARN]: [mcMMO] Failed to load Alchemy potion: LINGERING_POTION_OF_BLINDNESS_EXTENDED
[00:23:39] [Server thread/WARN]: [mcMMO] Failed to load Alchemy potion: LINGERING_POTION_OF_DECAY_EXTENDED
[00:23:39] [Server thread/WARN]: [mcMMO] Failed to load Alchemy potion: LINGERING_POTION_OF_DULLNESS_EXTENDED
[00:23:39] [Server thread/WARN]: [mcMMO] Failed to load Alchemy potion: LINGERING_POTION_OF_HASTE_EXTENDED
[00:23:39] [Server thread/WARN]: [mcMMO] Failed to load Alchemy potion: LINGERING_POTION_OF_HEALTH_BOOST_EXTENDED
[00:23:39] [Server thread/WARN]: [mcMMO] Failed to load Alchemy potion: LINGERING_POTION_OF_HUNGER_EXTENDED
[00:23:39] [Server thread/WARN]: [mcMMO] Failed to load Alchemy potion: LINGERING_POTION_OF_NAUSEA_EXTENDED
[00:23:39] [Server thread/WARN]: [mcMMO] Failed to load Alchemy potion: LINGERING_POTION_OF_RESISTANCE_EXTENDED
[00:23:39] [Server thread/WARN]: [mcMMO] Failed to load Alchemy potion: LINGERING_POTION_OF_SATURATION_EXTENDED
[00:23:39] [Server thread/WARN]: [mcMMO] Failed to load Alchemy potion: LINGERING_POTION_OF_ABSORPTION_II
[00:23:39] [Server thread/WARN]: [mcMMO] Failed to load Alchemy potion: LINGERING_POTION_OF_BLINDNESS_II
[00:23:39] [Server thread/WARN]: [mcMMO] Failed to load Alchemy potion: LINGERING_POTION_OF_DECAY_II
[00:23:39] [Server thread/WARN]: [mcMMO] Failed to load Alchemy potion: LINGERING_POTION_OF_DULLNESS_II
[00:23:39] [Server thread/WARN]: [mcMMO] Failed to load Alchemy potion: LINGERING_POTION_OF_HASTE_II
[00:23:39] [Server thread/WARN]: [mcMMO] Failed to load Alchemy potion: LINGERING_POTION_OF_HEALTH_BOOST_II
[00:23:39] [Server thread/WARN]: [mcMMO] Failed to load Alchemy potion: LINGERING_POTION_OF_HUNGER_II
[00:23:39] [Server thread/WARN]: [mcMMO] Failed to load Alchemy potion: LINGERING_POTION_OF_NAUSEA_II
[00:23:39] [Server thread/WARN]: [mcMMO] Failed to load Alchemy potion: LINGERING_POTION_OF_RESISTANCE_II
[00:23:39] [Server thread/WARN]: [mcMMO] Failed to load Alchemy potion: LINGERING_POTION_OF_SATURATION_II
[00:23:40] [Server thread/INFO]: Preparing level "world"
[00:23:42] [Server thread/INFO]: Preparing start region for dimension minecraft:overworld
[00:23:42] [Server thread/INFO]: Preparing spawn area: 0%
[00:23:42] [Server thread/INFO]: Preparing spawn area: 0%
[00:23:44] [Server thread/INFO]: Preparing spawn area: 0%
[00:23:44] [Server thread/INFO]: Preparing spawn area: 0%
[00:23:44] [Server thread/INFO]: Preparing spawn area: 0%
[00:23:44] [Server thread/INFO]: Time elapsed: 2197 ms
[00:23:44] [Server thread/INFO]: Preparing start region for dimension minecraft:the_nether
[00:23:44] [Server thread/INFO]: Preparing spawn area: 0%
[00:23:44] [Server thread/INFO]: Time elapsed: 254 ms
[00:23:44] [Server thread/INFO]: Preparing start region for dimension minecraft:the_end
[00:23:44] [Server thread/INFO]: Preparing spawn area: 0%
[00:23:44] [Server thread/INFO]: Time elapsed: 145 ms
[00:23:45] [Server thread/INFO]: [spark] Starting background profiler...
[00:23:47] [Server thread/INFO]: Done preparing level "world" (6.381s)
[00:23:47] [Server thread/INFO]: Running delayed init tasks
[00:23:47] [Server thread/INFO]: Done (21.509s)! For help, type "help"
[00:23:47] [Craft Scheduler Thread - 3 - mcMMO/INFO]: [mcMMO] Starting to check and update UUIDs, total amount of users: 1
[00:23:47] [Craft Scheduler Thread - 3 - mcMMO/INFO]: [mcMMO] 1 entries written while saving UUID batch
[00:23:47] [Craft Scheduler Thread - 3 - mcMMO/INFO]: [mcMMO] Conversion progress: 1/1 users
[00:24:04] [User Authenticator #0/INFO]: UUID of player N4M4STE is 04e9d943-5c75-44d6-afd8-1c6978b1c5bf
[00:24:04] [Server thread/WARN]: Using offline mode UUID file for player N4M4STE as it is the only copy we can find.
[00:24:04] [Server thread/INFO]: N4M4STE joined the game
[00:24:04] [Server thread/INFO]: N4M4STE[/127.0.0.1:64024] logged in with entity id 81 at ([world]12.055905783792698, 94.0, -48.67420457059081)
[00:24:12] [Server thread/WARN]: Can't keep up! Is the server overloaded? Running 3731ms or 74 ticks behind
[00:24:35] [Server thread/WARN]: Can't keep up! Is the server overloaded? Running 8437ms or 168 ticks behind
[00:27:10] [Server thread/INFO]: N4M4STE issued server command: /mcstats
[00:27:42] [Server thread/INFO]: N4M4STE has made the advancement [Stone Age]
[00:30:36] [Server thread/INFO]: N4M4STE has made the advancement [Monster Hunter]
[00:30:52] [Server thread/INFO]: N4M4STE issued server command: /mcstats
[00:30:55] [Server thread/INFO]: N4M4STE issued server command: /mcstats axes
[00:31:00] [Server thread/INFO]: N4M4STE issued server command: /mcstats axes
[00:31:02] [Server thread/INFO]: N4M4STE issued server command: /mcstats axes
[00:31:05] [Server thread/INFO]: N4M4STE issued server command: /mcstats
[00:31:11] [Server thread/INFO]: N4M4STE issued server command: /mcstats
[00:31:12] [Server thread/INFO]: N4M4STE issued server command: /axes
[00:31:36] [Server thread/INFO]: N4M4STE has made the advancement [Getting an Upgrade]
[00:32:00] [Server thread/INFO]: N4M4STE was shot by Arrow
[00:32:40] [Server thread/INFO]: N4M4STE was slain by Zombie
[00:33:01] [Server thread/INFO]: N4M4STE was slain by Zombie
[00:33:32] [Server thread/INFO]: N4M4STE was shot by Skeleton
[00:34:41] [Server thread/INFO]: N4M4STE was slain by Zombie
[00:34:46] [Server thread/INFO]: N4M4STE issued server command: /mcstats
[00:36:01] [Server thread/INFO]: N4M4STE was blown up by Creeper
[00:36:15] [Server thread/WARN]: Can't keep up! Is the server overloaded? Running 3446ms or 68 ticks behind
[00:36:33] [Server thread/WARN]: Can't keep up! Is the server overloaded? Running 2504ms or 50 ticks behind
[00:37:35] [Server thread/INFO]: N4M4STE was slain by Zombie
[00:40:24] [Server thread/INFO]: N4M4STE issued server command: /mcstats
[00:41:19] [Server thread/WARN]: Can't keep up! Is the server overloaded? Running 3506ms or 70 ticks behind
[00:42:24] [Server thread/INFO]: N4M4STE issued server command: /mcstats
[00:42:29] [Server thread/INFO]: N4M4STE issued server command: /mcstats 2
[00:42:32] [Server thread/INFO]: N4M4STE issued server command: /help
[00:42:40] [Server thread/INFO]: N4M4STE issued server command: /mcmmo
[00:42:55] [Server thread/INFO]: N4M4STE issued server command: /mcmmo help
[00:43:01] [Server thread/INFO]: N4M4STE issued server command: /clear
[00:43:02] [Server thread/INFO]: N4M4STE issued server command: /mcstats
[00:43:53] [Server thread/WARN]: Can't keep up! Is the server overloaded? Running 2534ms or 50 ticks behind
[00:47:26] [Server thread/INFO]: N4M4STE issued server command: /mining
[00:47:31] [Server thread/INFO]: N4M4STE issued server command: /mining keep
[00:47:35] [Server thread/INFO]: N4M4STE issued server command: /mining:help
[00:47:38] [Server thread/INFO]: N4M4STE issued server command: /mining ?
[00:47:42] [Server thread/INFO]: N4M4STE issued server command: /mcstats
[00:47:49] [Server thread/INFO]: N4M4STE issued server command: /mcmmo
[00:47:55] [Server thread/INFO]: N4M4STE issued server command: /mcmmo help
[00:47:58] [Server thread/INFO]: N4M4STE issued server command: /mcmmo help 2
[00:48:09] [Server thread/INFO]: N4M4STE issued server command: /mcability
[00:48:11] [Server thread/INFO]: N4M4STE issued server command: /mcability
[00:49:47] [Server thread/INFO]: N4M4STE has made the advancement [Sweet Dreams]
[00:50:20] [Server thread/INFO]: N4M4STE hit the ground too hard
[00:54:05] [Server thread/INFO]: N4M4STE issued server command: /mcmmo:axes
[00:54:15] [Server thread/INFO]: N4M4STE issued server command: /mcmmo:woodcutting stay
[00:54:17] [Server thread/INFO]: N4M4STE issued server command: /mcmmo:woodcutting
[00:54:35] [Server thread/WARN]: Can't keep up! Is the server overloaded? Running 4665ms or 93 ticks behind
[00:54:53] [Server thread/WARN]: Can't keep up! Is the server overloaded? Running 2505ms or 50 ticks behind
[00:55:14] [Server thread/INFO]: N4M4STE issued server command: /axes
[00:55:15] [Server thread/INFO]: N4M4STE issued server command: /woodcutting
[00:55:19] [Server thread/INFO]: N4M4STE issued server command: /mcsb keep
[01:01:16] [Server thread/INFO]: N4M4STE issued server command: /acrobatics
[01:01:20] [Server thread/INFO]: N4M4STE issued server command: /mcsb keep
[01:02:02] [Server thread/INFO]: N4M4STE went up in flames
[01:09:58] [Server thread/INFO]: N4M4STE issued server command: /mining
[01:13:06] [Server thread/INFO]: N4M4STE issued server command: /excavation
[01:20:00] [Server thread/INFO]: N4M4STE lost connection: Disconnected
[01:20:00] [Server thread/INFO]: N4M4STE left the game
[01:20:06] [User Authenticator #1/INFO]: UUID of player N4M4STE is 04e9d943-5c75-44d6-afd8-1c6978b1c5bf
[01:20:07] [Server thread/INFO]: N4M4STE joined the game
[01:20:07] [Server thread/INFO]: N4M4STE[/127.0.0.1:64740] logged in with entity id 8866 at ([world]9.828020908632851, 51.0, 175.34197708280217)
[01:20:44] [Server thread/INFO]: N4M4STE lost connection: Disconnected
[01:20:44] [Server thread/INFO]: N4M4STE left the game
[01:25:42] [User Authenticator #2/INFO]: UUID of player N4M4STE is 04e9d943-5c75-44d6-afd8-1c6978b1c5bf
[01:25:43] [Server thread/INFO]: N4M4STE joined the game
[01:25:43] [Server thread/INFO]: N4M4STE[/127.0.0.1:64920] logged in with entity id 8998 at ([world]2.4954323263826192, 63.0, 177.11537281464297)
[01:26:04] [Server thread/INFO]: N4M4STE issued server command: /addexp
[01:26:30] [Server thread/INFO]: Stopping server
[01:26:30] [Server thread/INFO]: [mcMMO] Disabling mcMMO v1.6.5
[01:26:30] [Server console handler/ERROR]: Caught previously unhandled exception :
java.io.IOError: java.io.IOException: Input/output error
	at org.jline.keymap.BindingReader.readCharacter(BindingReader.java:170) ~[jline-reader-3.20.0.jar:?]
	at org.jline.keymap.BindingReader.readBinding(BindingReader.java:110) ~[jline-reader-3.20.0.jar:?]
	at org.jline.keymap.BindingReader.readBinding(BindingReader.java:61) ~[jline-reader-3.20.0.jar:?]
	at org.jline.reader.impl.LineReaderImpl.doReadBinding(LineReaderImpl.java:923) ~[jline-reader-3.20.0.jar:?]
	at org.jline.reader.impl.LineReaderImpl.readBinding(LineReaderImpl.java:956) ~[jline-reader-3.20.0.jar:?]
	at org.jline.reader.impl.LineReaderImpl.readLine(LineReaderImpl.java:651) ~[jline-reader-3.20.0.jar:?]
	at org.jline.reader.impl.LineReaderImpl.readLine(LineReaderImpl.java:468) ~[jline-reader-3.20.0.jar:?]
	at net.minecrell.terminalconsole.SimpleTerminalConsole.readCommands(SimpleTerminalConsole.java:158) ~[terminalconsoleappender-1.3.0.jar:?]
	at net.minecrell.terminalconsole.SimpleTerminalConsole.start(SimpleTerminalConsole.java:141) ~[terminalconsoleappender-1.3.0.jar:?]
	at net.minecraft.server.dedicated.DedicatedServer$1.run(DedicatedServer.java:108) ~[paper-1.21.6.jar:1.21.6-10-5613ed6]
Caused by: java.io.IOException: Input/output error
	at java.base/java.io.FileInputStream.read0(Native Method) ~[?:?]
	at java.base/java.io.FileInputStream.read(FileInputStream.java:231) ~[?:?]
	at java.base/java.io.FilterInputStream.read(FilterInputStream.java:71) ~[?:?]
	at org.jline.terminal.impl.AbstractPty$1.read(AbstractPty.java:58) ~[jline-terminal-3.27.1.jar:?]
	at org.jline.terminal.impl.AbstractPty$PtyInputStream.read(AbstractPty.java:124) ~[jline-terminal-3.27.1.jar:?]
	at org.jline.utils.NonBlockingInputStream.read(NonBlockingInputStream.java:62) ~[jline-terminal-3.27.1.jar:?]
	at org.jline.utils.NonBlocking$NonBlockingInputStreamReader.read(NonBlocking.java:157) ~[jline-terminal-3.27.1.jar:?]
	at org.jline.utils.NonBlockingReader.read(NonBlockingReader.java:56) ~[jline-terminal-3.27.1.jar:?]
	at org.jline.keymap.BindingReader.readCharacter(BindingReader.java:160) ~[jline-reader-3.20.0.jar:?]
	... 9 more
[01:26:31] [Server thread/INFO]: Saving players
[01:26:32] [Server thread/INFO]: N4M4STE lost connection: Server closed
[01:26:33] [Server thread/INFO]: N4M4STE left the game
[01:26:33] [Server thread/INFO]: Saving worlds
[01:26:33] [Server thread/INFO]: Saving chunks for level 'ServerLevel[world]'/minecraft:overworld
[01:26:33] [Server thread/INFO]: [ChunkHolderManager] Waiting 60s for chunk system to halt for world 'world'
[01:26:33] [Server thread/INFO]: [ChunkHolderManager] Halted chunk system for world 'world'
[01:26:33] [Server thread/INFO]: [ChunkHolderManager] Saving all chunkholders for world 'world'
[01:26:34] [Server thread/INFO]: [ChunkHolderManager] Saved 315 block chunks, 384 entity chunks, 0 poi chunks in world 'world' in 1.10s
[01:26:34] [Server thread/INFO]: [ChunkHolderManager] Waiting 60s for chunk I/O to halt for world 'world'
[01:26:34] [Server thread/INFO]: [ChunkHolderManager] Halted I/O scheduler for world 'world'
[01:26:34] [Server thread/INFO]: Saving chunks for level 'ServerLevel[world_nether]'/minecraft:the_nether
[01:26:34] [Server thread/INFO]: [ChunkHolderManager] Waiting 60s for chunk system to halt for world 'world_nether'
[01:26:34] [Server thread/INFO]: [ChunkHolderManager] Halted chunk system for world 'world_nether'
[01:26:34] [Server thread/INFO]: [ChunkHolderManager] Saving all chunkholders for world 'world_nether'
[01:26:34] [Server thread/INFO]: [ChunkHolderManager] Saved 0 block chunks, 0 entity chunks, 0 poi chunks in world 'world_nether' in 0.00s
[01:26:34] [Server thread/INFO]: [ChunkHolderManager] Waiting 60s for chunk I/O to halt for world 'world_nether'
[01:26:34] [Server thread/INFO]: [ChunkHolderManager] Halted I/O scheduler for world 'world_nether'
[01:26:34] [Server thread/INFO]: Saving chunks for level 'ServerLevel[world_the_end]'/minecraft:the_end
[01:26:34] [Server thread/INFO]: [ChunkHolderManager] Waiting 60s for chunk system to halt for world 'world_the_end'
[01:26:34] [Server thread/INFO]: [ChunkHolderManager] Halted chunk system for world 'world_the_end'
[01:26:34] [Server thread/INFO]: [ChunkHolderManager] Saving all chunkholders for world 'world_the_end'
[01:26:34] [Server thread/INFO]: [ChunkHolderManager] Saved 0 block chunks, 10 entity chunks, 0 poi chunks in world 'world_the_end' in 0.02s
[01:26:34] [Server thread/INFO]: [ChunkHolderManager] Waiting 60s for chunk I/O to halt for world 'world_the_end'
[01:26:34] [Server thread/INFO]: [ChunkHolderManager] Halted I/O scheduler for world 'world_the_end'
[01:26:34] [Server thread/INFO]: ThreadedAnvilChunkStorage (world): All chunks are saved
[01:26:34] [Server thread/INFO]: ThreadedAnvilChunkStorage (DIM-1): All chunks are saved
[01:26:34] [Server thread/INFO]: ThreadedAnvilChunkStorage (DIM1): All chunks are saved
[01:26:34] [Server thread/INFO]: ThreadedAnvilChunkStorage: All dimensions are saved
[01:26:34] [Server thread/INFO]: Waiting for all RegionFile I/O tasks to complete...
[01:26:34] [Server thread/INFO]: All RegionFile I/O tasks to complete
[01:26:34] [Server thread/INFO]: [MoonriseCommon] Awaiting termination of worker pool for up to 60s...
[01:26:34] [Server thread/INFO]: [MoonriseCommon] Awaiting termination of I/O pool for up to 60s...
